Hmm ... looks like a package
Converting parsed Rd's to LaTeX 
Creating pdf output from LaTeX ...

This is pdfTeX, Version 3.141592653-2.6-1.40.25 (TeX Live 2023) (preloaded format=pdflatex)
 restricted \write18 enabled.
entering extended mode
LaTeX2e <2022-11-01> patch level 1
L3 programming layer <2023-05-05> (./Rd2.tex
(/usr/local/texlive/2023basic/texmf-dist/tex/latex/base/book.cls
Document Class: book 2022/07/02 v1.4n Standard LaTeX document class
(/usr/local/texlive/2023basic/texmf-dist/tex/latex/base/bk10.clo))
(/Library/Frameworks/R.framework/Resources/share/texmf/tex/latex/Rd.sty
(/usr/local/texlive/2023basic/texmf-dist/tex/latex/base/ifthen.sty)
(/usr/local/texlive/2023basic/texmf-dist/tex/latex/tools/longtable.sty)
(/usr/local/texlive/2023basic/texmf-dist/tex/latex/tools/bm.sty)
(/usr/local/texlive/2023basic/texmf-dist/tex/latex/base/alltt.sty)
(/usr/local/texlive/2023basic/texmf-dist/tex/latex/tools/verbatim.sty)
(/usr/local/texlive/2023basic/texmf-dist/tex/latex/url/url.sty)
(/usr/local/texlive/2023basic/texmf-dist/tex/latex/base/textcomp.sty)
(/usr/local/texlive/2023basic/texmf-dist/tex/latex/amsmath/amsmath.sty
For additional information on amsmath, use the `?' option.
(/usr/local/texlive/2023basic/texmf-dist/tex/latex/amsmath/amstext.sty
(/usr/local/texlive/2023basic/texmf-dist/tex/latex/amsmath/amsgen.sty))
(/usr/local/texlive/2023basic/texmf-dist/tex/latex/amsmath/amsbsy.sty)
(/usr/local/texlive/2023basic/texmf-dist/tex/latex/amsmath/amsopn.sty))
(/usr/local/texlive/2023basic/texmf-dist/tex/latex/amsfonts/amsfonts.sty)
(/usr/local/texlive/2023basic/texmf-dist/tex/latex/amsfonts/amssymb.sty)
(/usr/local/texlive/2023basic/texmf-dist/tex/latex/jknapltx/mathrsfs.sty)
(/usr/local/texlive/2023basic/texmf-dist/tex/generic/iftex/iftex.sty)
(/usr/local/texlive/2023basic/texmf-dist/tex/latex/base/fontenc.sty)
(/usr/local/texlive/2023basic/texmf-dist/tex/latex/psnfss/times.sty)
(/usr/local/texlive/2023basic/texmf-dist/tex/latex/inconsolata/zi4.sty
`inconsolata-zi4' v1.12, 2019/05/17 Text macros for Inconsolata (msharpe)
(/usr/local/texlive/2023basic/texmf-dist/tex/latex/xkeyval/xkeyval.sty
(/usr/local/texlive/2023basic/texmf-dist/tex/generic/xkeyval/xkeyval.tex
(/usr/local/texlive/2023basic/texmf-dist/tex/generic/xkeyval/xkvutils.tex
(/usr/local/texlive/2023basic/texmf-dist/tex/generic/xkeyval/keyval.tex)))))
(/usr/local/texlive/2023basic/texmf-dist/tex/latex/graphics/color.sty
(/usr/local/texlive/2023basic/texmf-dist/tex/latex/graphics-cfg/color.cfg)
(/usr/local/texlive/2023basic/texmf-dist/tex/latex/graphics-def/pdftex.def)
(/usr/local/texlive/2023basic/texmf-dist/tex/latex/graphics/mathcolor.ltx))
(/usr/local/texlive/2023basic/texmf-dist/tex/latex/hyperref/hyperref.sty
(/usr/local/texlive/2023basic/texmf-dist/tex/generic/ltxcmds/ltxcmds.sty)
(/usr/local/texlive/2023basic/texmf-dist/tex/generic/pdftexcmds/pdftexcmds.sty
(/usr/local/texlive/2023basic/texmf-dist/tex/generic/infwarerr/infwarerr.sty))
(/usr/local/texlive/2023basic/texmf-dist/tex/latex/kvsetkeys/kvsetkeys.sty)
(/usr/local/texlive/2023basic/texmf-dist/tex/generic/kvdefinekeys/kvdefinekeys.
sty)
(/usr/local/texlive/2023basic/texmf-dist/tex/generic/pdfescape/pdfescape.sty)
(/usr/local/texlive/2023basic/texmf-dist/tex/latex/hycolor/hycolor.sty)
(/usr/local/texlive/2023basic/texmf-dist/tex/latex/letltxmacro/letltxmacro.sty)
 (/usr/local/texlive/2023basic/texmf-dist/tex/latex/auxhook/auxhook.sty)
(/usr/local/texlive/2023basic/texmf-dist/tex/latex/hyperref/nameref.sty
(/usr/local/texlive/2023basic/texmf-dist/tex/latex/refcount/refcount.sty)
(/usr/local/texlive/2023basic/texmf-dist/tex/generic/gettitlestring/gettitlestr
ing.sty
(/usr/local/texlive/2023basic/texmf-dist/tex/latex/kvoptions/kvoptions.sty)))
(/usr/local/texlive/2023basic/texmf-dist/tex/latex/etoolbox/etoolbox.sty)
(/usr/local/texlive/2023basic/texmf-dist/tex/latex/hyperref/pd1enc.def)
(/usr/local/texlive/2023basic/texmf-dist/tex/generic/intcalc/intcalc.sty)
(/usr/local/texlive/2023basic/texmf-dist/tex/latex/hyperref/puenc.def)
(/usr/local/texlive/2023basic/texmf-dist/tex/generic/bitset/bitset.sty
(/usr/local/texlive/2023basic/texmf-dist/tex/generic/bigintcalc/bigintcalc.sty)
) (/usr/local/texlive/2023basic/texmf-dist/tex/latex/base/atbegshi-ltx.sty))
(/usr/local/texlive/2023basic/texmf-dist/tex/latex/hyperref/hpdftex.def
(/usr/local/texlive/2023basic/texmf-dist/tex/latex/base/atveryend-ltx.sty)
(/usr/local/texlive/2023basic/texmf-dist/tex/latex/rerunfilecheck/rerunfilechec
k.sty
(/usr/local/texlive/2023basic/texmf-dist/tex/generic/uniquecounter/uniquecounte
r.sty)))

Package hyperref Warning: Option `hyperindex' has already been used,
(hyperref)                setting the option has no effect on input line 397.


Package hyperref Warning: Option `pagebackref' has already been used,
(hyperref)                setting the option has no effect on input line 397.

) (/usr/local/texlive/2023basic/texmf-dist/tex/latex/base/makeidx.sty)
(/usr/local/texlive/2023basic/texmf-dist/tex/latex/base/inputenc.sty)
Writing index file Rd2.idx
(/usr/local/texlive/2023basic/texmf-dist/tex/latex/psnfss/t1ptm.fd)
(/usr/local/texlive/2023basic/texmf-dist/tex/latex/l3backend/l3backend-pdftex.d
ef)
No file Rd2.aux.
(/usr/local/texlive/2023basic/texmf-dist/tex/context/base/mkii/supp-pdf.mkii
[Loading MPS to PDF converter (version 2006.09.02).]
) (/usr/local/texlive/2023basic/texmf-dist/tex/latex/inconsolata/t1zi4.fd)
(/usr/local/texlive/2023basic/texmf-dist/tex/latex/psnfss/t1phv.fd)
No file Rd2.toc.
(/usr/local/texlive/2023basic/texmf-dist/tex/latex/amsfonts/umsa.fd)
(/usr/local/texlive/2023basic/texmf-dist/tex/latex/amsfonts/umsb.fd)
(/usr/local/texlive/2023basic/texmf-dist/tex/latex/jknapltx/ursfs.fd) [1{/usr/l
ocal/texlive/2023basic/texmf-var/fonts/map/pdftex/updmap/pdftex.map}{/usr/local
/texlive/2023basic/texmf-dist/fonts/enc/dvips/base/8r.enc}{/usr/local/texlive/2
023basic/texmf-dist/fonts/enc/dvips/inconsolata/i4-t1-0.enc}]
No file Rd2.ind.
[2]
(/private/var/folders/fn/3ll6xqw90g518v0k1_4gmgf40000gn/T/RtmpbjZqku/Rd2pdf982b
7c35abfc/Rd2.aux)

Package rerunfilecheck Warning: File `Rd2.out' has changed.
(rerunfilecheck)                Rerun to get outlines right
(rerunfilecheck)                or use package `bookmark'.

 )</usr/local/texlive/2023basic/texmf-dist/fonts/type1/public/inconsolata/Incon
solata-zi4r.pfb></usr/local/texlive/2023basic/texmf-dist/fonts/type1/urw/helvet
ic/uhvr8a.pfb></usr/local/texlive/2023basic/texmf-dist/fonts/type1/urw/times/ut
mb8a.pfb></usr/local/texlive/2023basic/texmf-dist/fonts/type1/urw/times/utmr8a.
pfb></usr/local/texlive/2023basic/texmf-dist/fonts/type1/urw/times/utmr8a.pfb><
/usr/local/texlive/2023basic/texmf-dist/fonts/type1/urw/times/utmri8a.pfb>
Output written on Rd2.pdf (2 pages, 70716 bytes).
Transcript written on Rd2.log.
This is makeindex, version 2.17 [TeX Live 2023] (kpathsea + Thai support).
Scanning input file Rd2.idx....done (1 entries accepted, 0 rejected).
Sorting entries...done (0 comparisons).
Generating output file Rd2.ind....done (5 lines written, 0 warnings).
Output written in Rd2.ind.
Transcript written in Rd2.ilg.
This is pdfTeX, Version 3.141592653-2.6-1.40.25 (TeX Live 2023) (preloaded format=pdflatex)
 restricted \write18 enabled.
entering extended mode
LaTeX2e <2022-11-01> patch level 1
L3 programming layer <2023-05-05> (./Rd2.tex
(/usr/local/texlive/2023basic/texmf-dist/tex/latex/base/book.cls
Document Class: book 2022/07/02 v1.4n Standard LaTeX document class
(/usr/local/texlive/2023basic/texmf-dist/tex/latex/base/bk10.clo))
(/Library/Frameworks/R.framework/Resources/share/texmf/tex/latex/Rd.sty
(/usr/local/texlive/2023basic/texmf-dist/tex/latex/base/ifthen.sty)
(/usr/local/texlive/2023basic/texmf-dist/tex/latex/tools/longtable.sty)
(/usr/local/texlive/2023basic/texmf-dist/tex/latex/tools/bm.sty)
(/usr/local/texlive/2023basic/texmf-dist/tex/latex/base/alltt.sty)
(/usr/local/texlive/2023basic/texmf-dist/tex/latex/tools/verbatim.sty)
(/usr/local/texlive/2023basic/texmf-dist/tex/latex/url/url.sty)
(/usr/local/texlive/2023basic/texmf-dist/tex/latex/base/textcomp.sty)
(/usr/local/texlive/2023basic/texmf-dist/tex/latex/amsmath/amsmath.sty
For additional information on amsmath, use the `?' option.
(/usr/local/texlive/2023basic/texmf-dist/tex/latex/amsmath/amstext.sty
(/usr/local/texlive/2023basic/texmf-dist/tex/latex/amsmath/amsgen.sty))
(/usr/local/texlive/2023basic/texmf-dist/tex/latex/amsmath/amsbsy.sty)
(/usr/local/texlive/2023basic/texmf-dist/tex/latex/amsmath/amsopn.sty))
(/usr/local/texlive/2023basic/texmf-dist/tex/latex/amsfonts/amsfonts.sty)
(/usr/local/texlive/2023basic/texmf-dist/tex/latex/amsfonts/amssymb.sty)
(/usr/local/texlive/2023basic/texmf-dist/tex/latex/jknapltx/mathrsfs.sty)
(/usr/local/texlive/2023basic/texmf-dist/tex/generic/iftex/iftex.sty)
(/usr/local/texlive/2023basic/texmf-dist/tex/latex/base/fontenc.sty)
(/usr/local/texlive/2023basic/texmf-dist/tex/latex/psnfss/times.sty)
(/usr/local/texlive/2023basic/texmf-dist/tex/latex/inconsolata/zi4.sty
`inconsolata-zi4' v1.12, 2019/05/17 Text macros for Inconsolata (msharpe)
(/usr/local/texlive/2023basic/texmf-dist/tex/latex/xkeyval/xkeyval.sty
(/usr/local/texlive/2023basic/texmf-dist/tex/generic/xkeyval/xkeyval.tex
(/usr/local/texlive/2023basic/texmf-dist/tex/generic/xkeyval/xkvutils.tex
(/usr/local/texlive/2023basic/texmf-dist/tex/generic/xkeyval/keyval.tex)))))
(/usr/local/texlive/2023basic/texmf-dist/tex/latex/graphics/color.sty
(/usr/local/texlive/2023basic/texmf-dist/tex/latex/graphics-cfg/color.cfg)
(/usr/local/texlive/2023basic/texmf-dist/tex/latex/graphics-def/pdftex.def)
(/usr/local/texlive/2023basic/texmf-dist/tex/latex/graphics/mathcolor.ltx))
(/usr/local/texlive/2023basic/texmf-dist/tex/latex/hyperref/hyperref.sty
(/usr/local/texlive/2023basic/texmf-dist/tex/generic/ltxcmds/ltxcmds.sty)
(/usr/local/texlive/2023basic/texmf-dist/tex/generic/pdftexcmds/pdftexcmds.sty
(/usr/local/texlive/2023basic/texmf-dist/tex/generic/infwarerr/infwarerr.sty))
(/usr/local/texlive/2023basic/texmf-dist/tex/latex/kvsetkeys/kvsetkeys.sty)
(/usr/local/texlive/2023basic/texmf-dist/tex/generic/kvdefinekeys/kvdefinekeys.
sty)
(/usr/local/texlive/2023basic/texmf-dist/tex/generic/pdfescape/pdfescape.sty)
(/usr/local/texlive/2023basic/texmf-dist/tex/latex/hycolor/hycolor.sty)
(/usr/local/texlive/2023basic/texmf-dist/tex/latex/letltxmacro/letltxmacro.sty)
 (/usr/local/texlive/2023basic/texmf-dist/tex/latex/auxhook/auxhook.sty)
(/usr/local/texlive/2023basic/texmf-dist/tex/latex/hyperref/nameref.sty
(/usr/local/texlive/2023basic/texmf-dist/tex/latex/refcount/refcount.sty)
(/usr/local/texlive/2023basic/texmf-dist/tex/generic/gettitlestring/gettitlestr
ing.sty
(/usr/local/texlive/2023basic/texmf-dist/tex/latex/kvoptions/kvoptions.sty)))
(/usr/local/texlive/2023basic/texmf-dist/tex/latex/etoolbox/etoolbox.sty)
(/usr/local/texlive/2023basic/texmf-dist/tex/latex/hyperref/pd1enc.def)
(/usr/local/texlive/2023basic/texmf-dist/tex/generic/intcalc/intcalc.sty)
(/usr/local/texlive/2023basic/texmf-dist/tex/latex/hyperref/puenc.def)
(/usr/local/texlive/2023basic/texmf-dist/tex/generic/bitset/bitset.sty
(/usr/local/texlive/2023basic/texmf-dist/tex/generic/bigintcalc/bigintcalc.sty)
) (/usr/local/texlive/2023basic/texmf-dist/tex/latex/base/atbegshi-ltx.sty))
(/usr/local/texlive/2023basic/texmf-dist/tex/latex/hyperref/hpdftex.def
(/usr/local/texlive/2023basic/texmf-dist/tex/latex/base/atveryend-ltx.sty)
(/usr/local/texlive/2023basic/texmf-dist/tex/latex/rerunfilecheck/rerunfilechec
k.sty
(/usr/local/texlive/2023basic/texmf-dist/tex/generic/uniquecounter/uniquecounte
r.sty)))

Package hyperref Warning: Option `hyperindex' has already been used,
(hyperref)                setting the option has no effect on input line 397.


Package hyperref Warning: Option `pagebackref' has already been used,
(hyperref)                setting the option has no effect on input line 397.

) (/usr/local/texlive/2023basic/texmf-dist/tex/latex/base/makeidx.sty)
(/usr/local/texlive/2023basic/texmf-dist/tex/latex/base/inputenc.sty)
Writing index file Rd2.idx
(/usr/local/texlive/2023basic/texmf-dist/tex/latex/psnfss/t1ptm.fd)
(/usr/local/texlive/2023basic/texmf-dist/tex/latex/l3backend/l3backend-pdftex.d
ef)
(/private/var/folders/fn/3ll6xqw90g518v0k1_4gmgf40000gn/T/RtmpbjZqku/Rd2pdf982b
7c35abfc/Rd2.aux)
(/usr/local/texlive/2023basic/texmf-dist/tex/context/base/mkii/supp-pdf.mkii
[Loading MPS to PDF converter (version 2006.09.02).]
)
(/private/var/folders/fn/3ll6xqw90g518v0k1_4gmgf40000gn/T/RtmpbjZqku/Rd2pdf982b
7c35abfc/Rd2.out)
(/private/var/folders/fn/3ll6xqw90g518v0k1_4gmgf40000gn/T/RtmpbjZqku/Rd2pdf982b
7c35abfc/Rd2.out)
(/usr/local/texlive/2023basic/texmf-dist/tex/latex/inconsolata/t1zi4.fd)
(/usr/local/texlive/2023basic/texmf-dist/tex/latex/psnfss/t1phv.fd)
(/private/var/folders/fn/3ll6xqw90g518v0k1_4gmgf40000gn/T/RtmpbjZqku/Rd2pdf982b
7c35abfc/Rd2.toc
(/usr/local/texlive/2023basic/texmf-dist/tex/latex/amsfonts/umsa.fd)
(/usr/local/texlive/2023basic/texmf-dist/tex/latex/amsfonts/umsb.fd)
(/usr/local/texlive/2023basic/texmf-dist/tex/latex/jknapltx/ursfs.fd)) [1{/usr/
local/texlive/2023basic/texmf-var/fonts/map/pdftex/updmap/pdftex.map}{/usr/loca
l/texlive/2023basic/texmf-dist/fonts/enc/dvips/base/8r.enc}{/usr/local/texlive/
2023basic/texmf-dist/fonts/enc/dvips/inconsolata/i4-t1-0.enc}]
(/private/var/folders/fn/3ll6xqw90g518v0k1_4gmgf40000gn/T/RtmpbjZqku/Rd2pdf982b
7c35abfc/Rd2.ind [2] [3])
(/private/var/folders/fn/3ll6xqw90g518v0k1_4gmgf40000gn/T/RtmpbjZqku/Rd2pdf982b
7c35abfc/Rd2.aux)

Package rerunfilecheck Warning: File `Rd2.out' has changed.
(rerunfilecheck)                Rerun to get outlines right
(rerunfilecheck)                or use package `bookmark'.

 )</usr/local/texlive/2023basic/texmf-dist/fonts/type1/public/inconsolata/Incon
solata-zi4r.pfb></usr/local/texlive/2023basic/texmf-dist/fonts/type1/urw/helvet
ic/uhvr8a.pfb></usr/local/texlive/2023basic/texmf-dist/fonts/type1/urw/times/ut
mb8a.pfb></usr/local/texlive/2023basic/texmf-dist/fonts/type1/urw/times/utmr8a.
pfb></usr/local/texlive/2023basic/texmf-dist/fonts/type1/urw/times/utmr8a.pfb><
/usr/local/texlive/2023basic/texmf-dist/fonts/type1/urw/times/utmri8a.pfb>
Output written on Rd2.pdf (3 pages, 71341 bytes).
Transcript written on Rd2.log.
This is makeindex, version 2.17 [TeX Live 2023] (kpathsea + Thai support).
Scanning input file Rd2.idx....done (1 entries accepted, 0 rejected).
Sorting entries...done (0 comparisons).
Generating output file Rd2.ind....done (5 lines written, 0 warnings).
Output written in Rd2.ind.
Transcript written in Rd2.ilg.
This is pdfTeX, Version 3.141592653-2.6-1.40.25 (TeX Live 2023) (preloaded format=pdflatex)
 restricted \write18 enabled.
entering extended mode
LaTeX2e <2022-11-01> patch level 1
L3 programming layer <2023-05-05> (./Rd2.tex
(/usr/local/texlive/2023basic/texmf-dist/tex/latex/base/book.cls
Document Class: book 2022/07/02 v1.4n Standard LaTeX document class
(/usr/local/texlive/2023basic/texmf-dist/tex/latex/base/bk10.clo))
(/Library/Frameworks/R.framework/Resources/share/texmf/tex/latex/Rd.sty
(/usr/local/texlive/2023basic/texmf-dist/tex/latex/base/ifthen.sty)
(/usr/local/texlive/2023basic/texmf-dist/tex/latex/tools/longtable.sty)
(/usr/local/texlive/2023basic/texmf-dist/tex/latex/tools/bm.sty)
(/usr/local/texlive/2023basic/texmf-dist/tex/latex/base/alltt.sty)
(/usr/local/texlive/2023basic/texmf-dist/tex/latex/tools/verbatim.sty)
(/usr/local/texlive/2023basic/texmf-dist/tex/latex/url/url.sty)
(/usr/local/texlive/2023basic/texmf-dist/tex/latex/base/textcomp.sty)
(/usr/local/texlive/2023basic/texmf-dist/tex/latex/amsmath/amsmath.sty
For additional information on amsmath, use the `?' option.
(/usr/local/texlive/2023basic/texmf-dist/tex/latex/amsmath/amstext.sty
(/usr/local/texlive/2023basic/texmf-dist/tex/latex/amsmath/amsgen.sty))
(/usr/local/texlive/2023basic/texmf-dist/tex/latex/amsmath/amsbsy.sty)
(/usr/local/texlive/2023basic/texmf-dist/tex/latex/amsmath/amsopn.sty))
(/usr/local/texlive/2023basic/texmf-dist/tex/latex/amsfonts/amsfonts.sty)
(/usr/local/texlive/2023basic/texmf-dist/tex/latex/amsfonts/amssymb.sty)
(/usr/local/texlive/2023basic/texmf-dist/tex/latex/jknapltx/mathrsfs.sty)
(/usr/local/texlive/2023basic/texmf-dist/tex/generic/iftex/iftex.sty)
(/usr/local/texlive/2023basic/texmf-dist/tex/latex/base/fontenc.sty)
(/usr/local/texlive/2023basic/texmf-dist/tex/latex/psnfss/times.sty)
(/usr/local/texlive/2023basic/texmf-dist/tex/latex/inconsolata/zi4.sty
`inconsolata-zi4' v1.12, 2019/05/17 Text macros for Inconsolata (msharpe)
(/usr/local/texlive/2023basic/texmf-dist/tex/latex/xkeyval/xkeyval.sty
(/usr/local/texlive/2023basic/texmf-dist/tex/generic/xkeyval/xkeyval.tex
(/usr/local/texlive/2023basic/texmf-dist/tex/generic/xkeyval/xkvutils.tex
(/usr/local/texlive/2023basic/texmf-dist/tex/generic/xkeyval/keyval.tex)))))
(/usr/local/texlive/2023basic/texmf-dist/tex/latex/graphics/color.sty
(/usr/local/texlive/2023basic/texmf-dist/tex/latex/graphics-cfg/color.cfg)
(/usr/local/texlive/2023basic/texmf-dist/tex/latex/graphics-def/pdftex.def)
(/usr/local/texlive/2023basic/texmf-dist/tex/latex/graphics/mathcolor.ltx))
(/usr/local/texlive/2023basic/texmf-dist/tex/latex/hyperref/hyperref.sty
(/usr/local/texlive/2023basic/texmf-dist/tex/generic/ltxcmds/ltxcmds.sty)
(/usr/local/texlive/2023basic/texmf-dist/tex/generic/pdftexcmds/pdftexcmds.sty
(/usr/local/texlive/2023basic/texmf-dist/tex/generic/infwarerr/infwarerr.sty))
(/usr/local/texlive/2023basic/texmf-dist/tex/latex/kvsetkeys/kvsetkeys.sty)
(/usr/local/texlive/2023basic/texmf-dist/tex/generic/kvdefinekeys/kvdefinekeys.
sty)
(/usr/local/texlive/2023basic/texmf-dist/tex/generic/pdfescape/pdfescape.sty)
(/usr/local/texlive/2023basic/texmf-dist/tex/latex/hycolor/hycolor.sty)
(/usr/local/texlive/2023basic/texmf-dist/tex/latex/letltxmacro/letltxmacro.sty)
 (/usr/local/texlive/2023basic/texmf-dist/tex/latex/auxhook/auxhook.sty)
(/usr/local/texlive/2023basic/texmf-dist/tex/latex/hyperref/nameref.sty
(/usr/local/texlive/2023basic/texmf-dist/tex/latex/refcount/refcount.sty)
(/usr/local/texlive/2023basic/texmf-dist/tex/generic/gettitlestring/gettitlestr
ing.sty
(/usr/local/texlive/2023basic/texmf-dist/tex/latex/kvoptions/kvoptions.sty)))
(/usr/local/texlive/2023basic/texmf-dist/tex/latex/etoolbox/etoolbox.sty)
(/usr/local/texlive/2023basic/texmf-dist/tex/latex/hyperref/pd1enc.def)
(/usr/local/texlive/2023basic/texmf-dist/tex/generic/intcalc/intcalc.sty)
(/usr/local/texlive/2023basic/texmf-dist/tex/latex/hyperref/puenc.def)
(/usr/local/texlive/2023basic/texmf-dist/tex/generic/bitset/bitset.sty
(/usr/local/texlive/2023basic/texmf-dist/tex/generic/bigintcalc/bigintcalc.sty)
) (/usr/local/texlive/2023basic/texmf-dist/tex/latex/base/atbegshi-ltx.sty))
(/usr/local/texlive/2023basic/texmf-dist/tex/latex/hyperref/hpdftex.def
(/usr/local/texlive/2023basic/texmf-dist/tex/latex/base/atveryend-ltx.sty)
(/usr/local/texlive/2023basic/texmf-dist/tex/latex/rerunfilecheck/rerunfilechec
k.sty
(/usr/local/texlive/2023basic/texmf-dist/tex/generic/uniquecounter/uniquecounte
r.sty)))

Package hyperref Warning: Option `hyperindex' has already been used,
(hyperref)                setting the option has no effect on input line 397.


Package hyperref Warning: Option `pagebackref' has already been used,
(hyperref)                setting the option has no effect on input line 397.

) (/usr/local/texlive/2023basic/texmf-dist/tex/latex/base/makeidx.sty)
(/usr/local/texlive/2023basic/texmf-dist/tex/latex/base/inputenc.sty)
Writing index file Rd2.idx
(/usr/local/texlive/2023basic/texmf-dist/tex/latex/psnfss/t1ptm.fd)
(/usr/local/texlive/2023basic/texmf-dist/tex/latex/l3backend/l3backend-pdftex.d
ef)
(/private/var/folders/fn/3ll6xqw90g518v0k1_4gmgf40000gn/T/RtmpbjZqku/Rd2pdf982b
7c35abfc/Rd2.aux)
(/usr/local/texlive/2023basic/texmf-dist/tex/context/base/mkii/supp-pdf.mkii
[Loading MPS to PDF converter (version 2006.09.02).]
)
(/private/var/folders/fn/3ll6xqw90g518v0k1_4gmgf40000gn/T/RtmpbjZqku/Rd2pdf982b
7c35abfc/Rd2.out)
(/private/var/folders/fn/3ll6xqw90g518v0k1_4gmgf40000gn/T/RtmpbjZqku/Rd2pdf982b
7c35abfc/Rd2.out)
(/usr/local/texlive/2023basic/texmf-dist/tex/latex/inconsolata/t1zi4.fd)
(/usr/local/texlive/2023basic/texmf-dist/tex/latex/psnfss/t1phv.fd)
(/private/var/folders/fn/3ll6xqw90g518v0k1_4gmgf40000gn/T/RtmpbjZqku/Rd2pdf982b
7c35abfc/Rd2.toc
(/usr/local/texlive/2023basic/texmf-dist/tex/latex/amsfonts/umsa.fd)
(/usr/local/texlive/2023basic/texmf-dist/tex/latex/amsfonts/umsb.fd)
(/usr/local/texlive/2023basic/texmf-dist/tex/latex/jknapltx/ursfs.fd)) [1{/usr/
local/texlive/2023basic/texmf-var/fonts/map/pdftex/updmap/pdftex.map}{/usr/loca
l/texlive/2023basic/texmf-dist/fonts/enc/dvips/base/8r.enc}{/usr/local/texlive/
2023basic/texmf-dist/fonts/enc/dvips/inconsolata/i4-t1-0.enc}]
(/private/var/folders/fn/3ll6xqw90g518v0k1_4gmgf40000gn/T/RtmpbjZqku/Rd2pdf982b
7c35abfc/Rd2.ind [2] [3])
(/private/var/folders/fn/3ll6xqw90g518v0k1_4gmgf40000gn/T/RtmpbjZqku/Rd2pdf982b
7c35abfc/Rd2.aux) )</usr/local/texlive/2023basic/texmf-dist/fonts/type1/public/
inconsolata/Inconsolata-zi4r.pfb></usr/local/texlive/2023basic/texmf-dist/fonts
/type1/urw/helvetic/uhvr8a.pfb></usr/local/texlive/2023basic/texmf-dist/fonts/t
ype1/urw/times/utmb8a.pfb></usr/local/texlive/2023basic/texmf-dist/fonts/type1/
urw/times/utmr8a.pfb></usr/local/texlive/2023basic/texmf-dist/fonts/type1/urw/t
imes/utmr8a.pfb></usr/local/texlive/2023basic/texmf-dist/fonts/type1/urw/times/
utmri8a.pfb>
Output written on Rd2.pdf (3 pages, 71987 bytes).
Transcript written on Rd2.log.
Saving output to ‘mutType-manual.pdf’ ...
Done
You may want to clean up by 'rm -Rf /var/folders/fn/3ll6xqw90g518v0k1_4gmgf40000gn/T//RtmpbjZqku/Rd2pdf982b7c35abfc'
