* Checking for deprecated package usage... OK
* Checking for remote package usage... OK
* Checking for 'LazyData: true' usage... OK
* Checking version number... OK
* Checking version number validity... OK
* Checking R version dependency...
* NOTE: Update R version dependency from 3.6 to 4.2.0.
* Checking package size... OK
* Checking individual file sizes... OK
* Checking biocViews... OK
* Checking that biocViews are present... OK
* Checking package type based on biocViews... OK
* Checking for non-trivial biocViews... OK
* Checking that biocViews come from the same category... OK
* Checking biocViews validity...
* WARNING: Invalid BiocViews term(s):
'SNV': Did you mean 'SNP'?
'MutationTypes'
'VCF': Did you mean 'NCI'?
* Checking for recommended biocViews... OK
* Checking build system compatibility... OK
* Checking for blank lines in DESCRIPTION... OK
* Checking if DESCRIPTION is well formatted... OK
* Checking for proper Description: field...
* NOTE: The Description field in the DESCRIPTION is made up by less than 3 sentences. Please consider
expanding this field, and structure it as a full paragraph
* Checking for whitespace in DESCRIPTION field names... OK
* Checking that Package field matches directory/tarball name... OK
* Checking for Version field... OK
* Checking for valid maintainer...
* NOTE: Consider adding the maintainer's ORCID iD in 'Authors@R' with 'comment=c(ORCID="...")'
* Checking License: for restrictive use... OK
* Checking for pinned package versions... OK
* Checking DESCRIPTION/NAMESPACE consistency... OK
* Checking .Rbuildignore... OK
* Checking for stray BiocCheck output folders... OK
* Checking vignette directory...
* NOTE:  'sessionInfo' not found in vignette(s)
Missing from file(s):
vignettes/mutType_vignette.Rmd
* Checking package installation calls in R code... OK
* Checking for library/require of mutType... OK
* Checking coding practice...
* NOTE:  Avoid 'cat' and 'print' outside of 'show' methods
Found in files:
print() in R/mutType.R (line  41, column 3)
print() in R/mutType.R (line  44, column 3)
print() in R/mutType.R (line  47, column 3)
print() in R/mutType.R (line  59, column 3)
print() in R/mutType.R (line  62, column 3)
print() in R/mutType.R (line  77, column 3)
print() in R/mutType.R (line 107, column 3)
print() in R/mutType.R (line 112, column 3)
print() in R/mutTypeTable.R (line  39, column 3)
* Checking parsed R code in R directory, examples, vignettes... OK
* Checking function lengths...
* NOTE: The recommended function length is 50 lines or less. There are 12 functions greater than 50 lines.
The longest 5 functions are:
mutType() (R/mutType.R): 78 lines
mutTypeTable() (R/mutTypeTable.R): 15 lines
_anonymous_.79() (R/mutType.R): 14 lines
_anonymous_.95() (R/mutType.R):  9 lines
_anonymous_.49() (R/mutType.R):  4 lines
* Checking man page documentation... OK
* Checking package NEWS...
* NOTE: Consider adding a NEWS file, so your package news will be included in Bioconductor release announcements.
* Checking unit tests...
* NOTE: Consider adding unit tests. We strongly encourage them. See
  https://contributions.bioconductor.org/tests.html
* Checking skip_on_bioc() in tests... OK
* Checking formatting of DESCRIPTION, NAMESPACE, man pages, R source, and vignette source...
* NOTE: Consider shorter lines; 2 lines (1%) are > 80 characters long.
First few lines:
man/mutType.Rd#L43 Alessandro Giulivo\cr E-Mail: \href{mail...
man/mutTypeTable.Rd#L33 Alessandro Giulivo\cr E-Mail: \href{mail...
* NOTE: Consider multiples of 4 spaces for line indents; 76 lines (23%) are not.
First few lines:
R/mutType.R#L 41   print('Reading file...', quote = FALSE...
R/mutType.R#L 42   muts <- readVcf(VCFFile)...
R/mutType.R#L 43   muts <- rowRanges(muts)...
R/mutType.R#L 44   print('Computing regions...', quote = ...
R/mutType.R#L 45   muts <- resize(muts, width = context_l...
R/mutType.R#L 46   muts <- as.data.frame(muts, row.names ...
R/mutType.R#L 47   print('Checking chromosome names...', ...
R/mutType.R#L 48   muts$seqnames <- apply(muts, 1,...
R/mutType.R#L 52                   }...
R/mutType.R#L 54   muts$ALT <- apply(muts, 1, function(x)...
R/mutType.R#L 55                                         ...
R/mutType.R#L 56                                         ...
R/mutType.R#L 57                                         ...
R/mutType.R#L 58   muts <- separate_rows(muts, ALT, sep='...
R/mutType.R#L 59   print('Filtering SNVs...', quote = FAL...
R/mutType.R#L 60   muts <- dplyr::filter(muts, nchar(REF)...
R/mutType.R#L 61   muts <- as.data.frame(muts)...
R/mutType.R#L 62   print('Finding sequences...', quote = ...
R/mutType.R#L 63   muts$seq <- apply(muts, 1,...
R/mutType.R#L 65                       refGenome[[x['seqn...
R/mutType.R#L 66   muts$up <- apply(muts, 1,...
R/mutType.R#L 67                    function (x)...
R/mutType.R#L 68                      substr(x$seq, 1, as...
R/mutType.R#L 69   muts$mut <- apply(muts, 1,...
R/mutType.R#L 71                       paste0('[', x$REF,...
R/mutType.R#L 72   muts$down <- apply(muts, 1,...
R/mutType.R#L 73                      function (x)...
R/mutType.R#L 74                        substr(x$seq,...
R/mutType.R#L 75                               as.integer...
R/mutType.R#L 76                               context_le...
R/mutType.R#L 77   print('Checking redundancies...', quot...
R/mutType.R#L 78   muts$mutation <- apply(muts, 1,...
R/mutType.R#L 79                          function (x)...
R/mutType.R#L 80                            if(substr(x$m...
R/mutType.R#L 81                               substr(x$m...
R/mutType.R#L 82                              paste0(x$up...
R/mutType.R#L 83                            } else {paste...
R/mutType.R#L 84                               reverseCom...
R/mutType.R#L 85                               '[',...
R/mutType.R#L 86                               complement...
R/mutType.R#L 87                               '>',...
R/mutType.R#L 88                               complement...
R/mutType.R#L 89                               ']',...
R/mutType.R#L 90                               reverseCom...
R/mutType.R#L 91                               )...
R/mutType.R#L 92                              }...
R/mutType.R#L 93                          )...
R/mutType.R#L 94   muts$mutType <- apply(muts, 1,...
R/mutType.R#L 96                           {ifelse(substr...
R/mutType.R#L 98                                   x$mut,...
R/mutType.R#L 99                                   paste0...
R/mutType.R#L100                                         ...
R/mutType.R#L101                                         ...
R/mutType.R#L102                                         ...
R/mutType.R#L104   )...
R/mutType.R#L105   muts$pos <- apply(muts, 1, function (x...
R/mutType.R#L106   muts$seqnames <- apply(muts, 1, functi...
R/mutType.R#L107   print('Computing summary and plotting ...
R/mutType.R#L108   if(graphics==TRUE) {...
R/mutType.R#L110   }...
R/mutType.R#L111   muts <- muts[, c('seqnames', 'pos', 'm...
R/mutType.R#L112   print('Writing results file...', quote...
R/mutType.R#L113   write.table(muts, 'mutationTypes.txt',...
R/mutType.R#L114               row.names = FALSE, quote =...
R/mutType.R#L115   return(muts)...
R/mutTypeTable.R#L 28   tbl <- as.data.frame(table(mutTypeResu...
R/mutTypeTable.R#L 29   colnames(tbl) <- c('Type', 'Frequency'...
R/mutTypeTable.R#L 30   p <- ggplot(tbl, aes(Type, Frequency, ...
R/mutTypeTable.R#L 36   ggsave("mutTypeFreqs.pdf", p)...
R/mutTypeTable.R#L 37   write.table(tbl, "mutationTypesTable.t...
R/mutTypeTable.R#L 38               row.names=FALSE, sep='\t')...
R/mutTypeTable.R#L 39   print(p)...
R/mutTypeTable.R#L 40   return(tbl)...
vignettes/mutType_vignette.Rmd#L  4   collapse = TRUE,...
vignettes/mutType_vignette.Rmd#L  5   comment = "#>",...
vignettes/mutType_vignette.Rmd#L  6   message = FALSE...
* Checking if package already exists in CRAN... OK
* Checking for bioc-devel mailing list subscription...
* NOTE: Cannot determine whether maintainer is subscribed to the Bioc-Devel mailing list (requires admin credentials). Subscribe here: https://stat.ethz.ch/mailman/listinfo/bioc-devel
* Checking for support site registration...
* ERROR: Maintainer must register at the support site; visit https://support.bioconductor.org/accounts/signup/
